<?xml version="1.0" encoding="UTF-8"?>
<!-- Generated by org.testng.reporters.JUnitXMLReporter -->
<testsuite ignored="2" hostname="DESKTOP-GQ2DUQB" failures="0" tests="6" name="Surefire test" time="36.491" errors="0" timestamp="2024-04-08T21:41:35 CDT">
  <testcase classname="org.sel.pom.tests.NavigationTest" name="NavigateToStoreUsingMainMenu" time="6.697"/>
  <testcase classname="org.sel.pom.tests.SearchTest" name="SearchWithPartialMatch" time="5.983"/>
  <testcase classname="org.sel.pom.tests.AddToCartTest" name="addToCartFromStorePage" time="10.56"/>
  <testcase classname="org.sel.pom.tests.CheckoutTest" name="GuestCheckoutUsingDircetBankTransfer" time="20.789"/>
  <testcase classname="org.sel.pom.tests.CheckoutTest" name="LoginAndCheckoutUsingDircetBankTransfer" time="26.867"/>
  <testcase classname="org.sel.pom.tests.LoginTest" name="loginDuringCheckout" time="29.04"/>
  <testcase classname="org.sel.pom.tests.MyFirstTestCase" name="guestCheckoutUsingDirectBankTransfer" time="0.0">
    <ignored/>
  </testcase> <!-- guestCheckoutUsingDirectBankTransfer -->
  <testcase classname="org.sel.pom.tests.MyFirstTestCase" name="loginAndCheckoutUsingDircetBankTransfer" time="0.0">
    <ignored/>
  </testcase> <!-- loginAndCheckoutUsingDircetBankTransfer -->
</testsuite> <!-- Surefire test -->
